Pisa # 3 # 4 # Pisa # unknown # unknown # unknown # 
Hotel Bologna # 5 # 7 # Hotel # unknown # unknown # unknown # 
Hotel Bologna per tre notti # 5 # 10 # notti # unknown # plural # unknown # 
15 luglio # 11 # 13 # 15 # unknown # unknown # unknown # 
2013 # 13 # 14 # 2013 # unknown # unknown # unknown # 
L' hotel # 15 # 17 # L' # unknown # unknown # unknown # 
pieno centro # 21 # 23 # centro # unknown # singular # unknown # 
pieno centro della città # 21 # 25 # città # unknown # unknown # unknown # 
una # 28 # 29 # una # unknown # unknown # unknown # 
stanza singola # 29 # 31 # stanza # unknown # singular # unknown # 
Il letto # 32 # 34 # letto # unknown # singular # unknown # 
una piazza # 36 # 38 # una # unknown # unknown # unknown # 
tv # 44 # 45 # tv # unknown # unknown # unknown # 
schermo piatto # 46 # 48 # piatto # unknown # singular # unknown # 
Mediaset # 56 # 57 # Mediaset # unknown # unknown # unknown # 
Bagno spazioso con una comoda doccia . # 58 # 65 # Bagno # unknown # singular # unknown # 
una comoda doccia # 61 # 64 # doccia # unknown # singular # unknown # 
Gli aspetti positivi # 65 # 68 # aspetti # unknown # plural # unknown # 
colazione # 70 # 71 # colazione # unknown # singular # unknown # 
frutta e cornetti # 72 # 75 # frutta # unknown # unknown # unknown # 
cornetti # 74 # 75 # cornetti # unknown # plural # unknown # 
